<?xml version="1.0" encoding="UTF-8"?>
<!-- Generated by org.testng.reporters.JUnitReportReporter -->
<testsuite skipped="0" hostname="DESKTOP-V5MDKH8" name="findingElements.FindElementByClassName" tests="1" failures="0" timestamp="27 Nov 2018 03:25:59 GMT" time="0.116" errors="0">
  <testcase name="findelementByClassName" time="0.116" classname="findingElements.FindElementByClassName"/>
</testsuite> <!-- findingElements.FindElementByClassName -->
