<?xml version="1.0" encoding="UTF-8"?>
<!-- Generated by org.testng.reporters.JUnitReportReporter -->
<testsuite skipped="0" hostname="DESKTOP-V5MDKH8" name="workingWithElements.DownloadFileWithChrome" tests="1" failures="0" timestamp="19 Feb 2019 20:13:21 GMT" time="3.448" errors="0">
  <testcase name="testDownloadFile" time="3.448" classname="workingWithElements.DownloadFileWithChrome"/>
</testsuite> <!-- workingWithElements.DownloadFileWithChrome -->
