<?xml version="1.0" encoding="UTF-8"?>
<!-- Generated by org.testng.reporters.JUnitReportReporter -->
<testsuite skipped="0" hostname="DESKTOP-V5MDKH8" name="findingElements.FindElementByNAme" tests="1" failures="0" timestamp="27 Nov 2018 03:14:53 GMT" time="0.081" errors="0">
  <testcase name="findelement" time="0.081" classname="findingElements.FindElementByNAme"/>
</testsuite> <!-- findingElements.FindElementByNAme -->
