<?xml version="1.0" encoding="UTF-8"?>
<!-- Generated by org.testng.reporters.JUnitReportReporter -->
<testsuite skipped="0" hostname="DESKTOP-V5MDKH8" name="workingWithElements.WorkingWithSubmit" tests="1" failures="0" timestamp="02 Dec 2018 12:25:12 GMT" time="3.545" errors="0">
  <testcase name="testSubmit" time="3.545" classname="workingWithElements.WorkingWithSubmit"/>
</testsuite> <!-- workingWithElements.WorkingWithSubmit -->
