<?xml version="1.0" encoding="UTF-8"?>
<!-- Generated by org.testng.reporters.JUnitReportReporter -->
<testsuite skipped="0" hostname="DESKTOP-V5MDKH8" name="workingWithElements.CheckAllBrokenLinks" tests="1" failures="0" timestamp="19 Jan 2019 21:07:35 GMT" time="30.114" errors="0">
  <testcase name="testALlLinks" time="30.114" classname="workingWithElements.CheckAllBrokenLinks"/>
</testsuite> <!-- workingWithElements.CheckAllBrokenLinks -->
