<?xml version="1.0" encoding="UTF-8"?>
<!-- Generated by org.testng.reporters.JUnitReportReporter -->
<testsuite skipped="0" hostname="DESKTOP-V5MDKH8" name="findingElements.TestBrowserCommand" tests="1" failures="0" timestamp="02 Dec 2018 11:44:34 GMT" time="1.587" errors="0">
  <testcase name="testBrowser" time="1.587" classname="findingElements.TestBrowserCommand"/>
</testsuite> <!-- findingElements.TestBrowserCommand -->
