<?xml version="1.0" encoding="UTF-8"?>
<!-- Generated by org.testng.reporters.JUnitReportReporter -->
<testsuite skipped="0" hostname="DESKTOP-V5MDKH8" name="workingWithElements.HandlingMultipleWindows" tests="2" failures="0" timestamp="17 Dec 2018 22:53:31 GMT" time="2.976" errors="0">
  <testcase name="TestWindowUsingTitle" time="1.498" classname="workingWithElements.HandlingMultipleWindows"/>
  <testcase name="TestWindowUsingName" time="1.478" classname="workingWithElements.HandlingMultipleWindows"/>
</testsuite> <!-- workingWithElements.HandlingMultipleWindows -->
