<?xml version="1.0" encoding="UTF-8"?>
<!-- Generated by org.testng.reporters.JUnitReportReporter -->
<testsuite skipped="0" hostname="DESKTOP-V5MDKH8" name="workingWithElements.WorkingWithCheckBoxes" tests="1" failures="0" timestamp="02 Dec 2018 16:24:09 GMT" time="2.317" errors="0">
  <testcase name="testCheckBos" time="2.317" classname="workingWithElements.WorkingWithCheckBoxes"/>
</testsuite> <!-- workingWithElements.WorkingWithCheckBoxes -->
