<?xml version="1.0" encoding="UTF-8"?>
<!-- Generated by org.testng.reporters.JUnitReportReporter -->
<testsuite skipped="0" hostname="DESKTOP-V5MDKH8" name="workingWithElements.TestUploadFile" tests="1" failures="0" timestamp="19 Jan 2019 22:31:49 GMT" time="1.259" errors="0">
  <testcase name="testFileUpload" time="1.259" classname="workingWithElements.TestUploadFile"/>
</testsuite> <!-- workingWithElements.TestUploadFile -->
