<?xml version="1.0" encoding="UTF-8"?>
<!-- Generated by org.testng.reporters.JUnitReportReporter -->
<testsuite skipped="0" hostname="DESKTOP-V5MDKH8" name="workingWithElements.WorkingWithAlerts" tests="1" failures="0" timestamp="17 Dec 2018 21:44:38 GMT" time="0.331" errors="0">
  <testcase name="alertsTest" time="0.331" classname="workingWithElements.WorkingWithAlerts"/>
</testsuite> <!-- workingWithElements.WorkingWithAlerts -->
