<?xml version="1.0" encoding="UTF-8"?>
<!-- Generated by org.testng.reporters.JUnitReportReporter -->
<testsuite skipped="1" hostname="DESKTOP-V5MDKH8" name="workingWithElements.ConfirmAlerts" tests="2" failures="0" timestamp="17 Dec 2018 22:17:54 GMT" time="0.370" errors="0">
  <testcase name="confirmTest" time="0.370" classname="workingWithElements.ConfirmAlerts"/>
  <testcase name="dismissTest" classname="workingWithElements.ConfirmAlerts">
    <skipped/>
  </testcase> <!-- dismissTest -->
</testsuite> <!-- workingWithElements.ConfirmAlerts -->
