<?xml version="1.0" encoding="UTF-8"?>
<!-- Generated by org.testng.reporters.JUnitReportReporter -->
<testsuite skipped="0" hostname="DESKTOP-V5MDKH8" name="workingWithElements.HandlingSessionCookies" tests="1" failures="0" timestamp="22 Dec 2018 16:36:07 GMT" time="0.751" errors="0">
  <testcase name="testCookies" time="0.751" classname="workingWithElements.HandlingSessionCookies"/>
</testsuite> <!-- workingWithElements.HandlingSessionCookies -->
