<?xml version="1.0" encoding="UTF-8"?>
<!-- Generated by org.testng.reporters.JUnitReportReporter -->
<testsuite skipped="1" hostname="DESKTOP-V5MDKH8" name="findingElements.FindElementsByXpath" tests="2" failures="0" timestamp="28 Nov 2018 19:49:36 GMT" time="0.133" errors="0">
  <testcase name="testByRelativeXpath" time="0.133" classname="findingElements.FindElementsByXpath"/>
  <testcase name="testByActualXpath" classname="findingElements.FindElementsByXpath">
    <skipped/>
  </testcase> <!-- testByActualXpath -->
</testsuite> <!-- findingElements.FindElementsByXpath -->
