<?xml version="1.0" encoding="UTF-8"?>
<!-- Generated by org.testng.reporters.JUnitReportReporter -->
<testsuite skipped="0" hostname="DESKTOP-V5MDKH8" name="workingWithElements.TestJavaScriptCalls" tests="1" failures="0" timestamp="29 Dec 2018 20:19:13 GMT" time="0.030" errors="0">
  <testcase name="testJavaScript" time="0.030" classname="workingWithElements.TestJavaScriptCalls"/>
</testsuite> <!-- workingWithElements.TestJavaScriptCalls -->
