<?xml version="1.0" encoding="UTF-8"?>
<!-- Generated by org.testng.reporters.JUnitReportReporter -->
<testsuite skipped="0" hostname="DESKTOP-V5MDKH8" name="findingElements.FindingElementsDemo" tests="1" failures="0" timestamp="27 Nov 2018 04:13:21 GMT" time="0.472" errors="0">
  <testcase name="testFindElements" time="0.472" classname="findingElements.FindingElementsDemo"/>
</testsuite> <!-- findingElements.FindingElementsDemo -->
