<?xml version="1.0" encoding="UTF-8"?>
<!-- Generated by org.testng.reporters.JUnitReportReporter -->
<testsuite skipped="0" hostname="DESKTOP-V5MDKH8" name="workingWithElements.DownloadFileWithFireFox" tests="1" failures="0" timestamp="19 Feb 2019 20:14:59 GMT" time="8.381" errors="0">
  <testcase name="testDownloadFireFox" time="8.381" classname="workingWithElements.DownloadFileWithFireFox"/>
</testsuite> <!-- workingWithElements.DownloadFileWithFireFox -->
