<?xml version="1.0" encoding="UTF-8"?>
<!-- Generated by org.testng.reporters.JUnitReportReporter -->
<testsuite skipped="0" hostname="DESKTOP-V5MDKH8" name="findingElements.FindElementByID" tests="1" failures="0" timestamp="27 Nov 2018 02:10:19 GMT" time="0.075" errors="0">
  <testcase name="findelement" time="0.075" classname="findingElements.FindElementByID"/>
</testsuite> <!-- findingElements.FindElementByID -->
