<?xml version="1.0" encoding="UTF-8"?>
<!-- Generated by org.testng.reporters.JUnitReportReporter -->
<testsuite skipped="0" hostname="DESKTOP-V5MDKH8" name="workingWithElements.WorkingWithPromptAlert" tests="1" failures="0" timestamp="17 Dec 2018 21:55:33 GMT" time="0.581" errors="0">
  <testcase name="testPromptAlert" time="0.581" classname="workingWithElements.WorkingWithPromptAlert"/>
</testsuite> <!-- workingWithElements.WorkingWithPromptAlert -->
