<?xml version="1.0" encoding="UTF-8"?>
<!-- Generated by org.testng.reporters.JUnitReportReporter -->
<testsuite skipped="0" hostname="DESKTOP-V5MDKH8" name="workingWithElements.CheckAllBrokenImages" tests="1" failures="0" timestamp="19 Jan 2019 22:03:35 GMT" time="5.102" errors="0">
  <testcase name="testBrokenImages" time="5.102" classname="workingWithElements.CheckAllBrokenImages"/>
</testsuite> <!-- workingWithElements.CheckAllBrokenImages -->
