<?xml version="1.0" encoding="UTF-8"?>
<!-- Generated by org.testng.reporters.JUnitReportReporter -->
<testsuite skipped="0" hostname="DESKTOP-V5MDKH8" name="workingWithElements.FileUploadUsingRobot" tests="1" failures="0" timestamp="19 Jan 2019 23:05:44 GMT" time="8.096" errors="0">
  <testcase name="uploadFilesWithRobot" time="8.096" classname="workingWithElements.FileUploadUsingRobot"/>
</testsuite> <!-- workingWithElements.FileUploadUsingRobot -->
