<?xml version="1.0" encoding="UTF-8"?>
<!-- Generated by org.testng.reporters.JUnitReportReporter -->
<testsuite skipped="0" hostname="DESKTOP-V5MDKH8" name="findingElements.ElemmentByTagNameInTable" tests="1" failures="0" timestamp="27 Nov 2018 03:50:34 GMT" time="0.095" errors="0">
  <testcase name="findelementByTagName" time="0.095" classname="findingElements.ElemmentByTagNameInTable"/>
</testsuite> <!-- findingElements.ElemmentByTagNameInTable -->
